<?xml version="1.0" encoding="UTF-8" ?>
<testsuite failures="0" time="0.624" errors="0" skipped="0" tests="109" name="com.mypurecloud.sdk.api.TelephonyProvidersEdgeApiTest">
  <properties>
    <property name="java.runtime.name" value="OpenJDK Runtime Environment"/>
    <property name="sun.boot.library.path" value="/usr/lib/jvm/java-7-openjdk-amd64/jre/lib/amd64"/>
    <property name="java.vm.version" value="24.91-b01"/>
    <property name="java.vm.vendor" value="Oracle Corporation"/>
    <property name="maven.multiModuleProjectDirectory" value="/root/.jenkins/jobs/purecloud-android-sdk/workspace/repo/build"/>
    <property name="java.vendor.url" value="http://java.oracle.com/"/>
    <property name="path.separator" value=":"/>
    <property name="guice.disable.misplaced.annotation.check" value="true"/>
    <property name="java.vm.name" value="OpenJDK 64-Bit Server VM"/>
    <property name="file.encoding.pkg" value="sun.io"/>
    <property name="user.country" value="IN"/>
    <property name="sun.java.launcher" value="SUN_STANDARD"/>
    <property name="sun.os.patch.level" value="unknown"/>
    <property name="java.vm.specification.name" value="Java Virtual Machine Specification"/>
    <property name="user.dir" value="/root/.jenkins/jobs/purecloud-android-sdk/workspace/repo/build"/>
    <property name="java.runtime.version" value="1.7.0_91-b02"/>
    <property name="java.awt.graphicsenv" value="sun.awt.X11GraphicsEnvironment"/>
    <property name="java.endorsed.dirs" value="/usr/lib/jvm/java-7-openjdk-amd64/jre/lib/endorsed"/>
    <property name="os.arch" value="amd64"/>
    <property name="java.io.tmpdir" value="/tmp"/>
    <property name="line.separator" value="
"/>
    <property name="java.vm.specification.vendor" value="Oracle Corporation"/>
    <property name="os.name" value="Linux"/>
    <property name="classworlds.conf" value="/usr/local/apache-maven-3.3.9/bin/m2.conf"/>
    <property name="sun.jnu.encoding" value="UTF-8"/>
    <property name="java.library.path" value="/usr/java/packages/lib/amd64:/usr/lib/x86_64-linux-gnu/jni:/lib/x86_64-linux-gnu:/usr/lib/x86_64-linux-gnu:/usr/lib/jni:/lib:/usr/lib"/>
    <property name="java.specification.name" value="Java Platform API Specification"/>
    <property name="java.class.version" value="51.0"/>
    <property name="sun.management.compiler" value="HotSpot 64-Bit Tiered Compilers"/>
    <property name="os.version" value="3.19.0-25-generic"/>
    <property name="user.home" value="/root"/>
    <property name="user.timezone" value="Asia/Kolkata"/>
    <property name="java.awt.printerjob" value="sun.print.PSPrinterJob"/>
    <property name="file.encoding" value="UTF-8"/>
    <property name="java.specification.version" value="1.7"/>
    <property name="user.name" value="root"/>
    <property name="java.class.path" value="/usr/local/apache-maven-3.3.9/boot/plexus-classworlds-2.5.2.jar"/>
    <property name="java.vm.specification.version" value="1.7"/>
    <property name="sun.arch.data.model" value="64"/>
    <property name="java.home" value="/usr/lib/jvm/java-7-openjdk-amd64/jre"/>
    <property name="sun.java.command" value="org.codehaus.plexus.classworlds.launcher.Launcher clean package"/>
    <property name="java.specification.vendor" value="Oracle Corporation"/>
    <property name="user.language" value="en"/>
    <property name="awt.toolkit" value="sun.awt.X11.XToolkit"/>
    <property name="java.vm.info" value="mixed mode"/>
    <property name="java.version" value="1.7.0_91"/>
    <property name="java.ext.dirs" value="/usr/lib/jvm/java-7-openjdk-amd64/jre/lib/ext:/usr/java/packages/lib/ext"/>
    <property name="securerandom.source" value="file:/dev/./urandom"/>
    <property name="sun.boot.class.path" value="/usr/lib/jvm/java-7-openjdk-amd64/jre/lib/resources.jar:/usr/lib/jvm/java-7-openjdk-amd64/jre/lib/rt.jar:/usr/lib/jvm/java-7-openjdk-amd64/jre/lib/sunrsasign.jar:/usr/lib/jvm/java-7-openjdk-amd64/jre/lib/jsse.jar:/usr/lib/jvm/java-7-openjdk-amd64/jre/lib/jce.jar:/usr/lib/jvm/java-7-openjdk-amd64/jre/lib/charsets.jar:/usr/lib/jvm/java-7-openjdk-amd64/jre/lib/rhino.jar:/usr/lib/jvm/java-7-openjdk-amd64/jre/lib/jfr.jar:/usr/lib/jvm/java-7-openjdk-amd64/jre/classes"/>
    <property name="java.vendor" value="Oracle Corporation"/>
    <property name="maven.home" value="/usr/local/apache-maven-3.3.9"/>
    <property name="file.separator" value="/"/>
    <property name="java.vendor.url.bug" value="http://bugreport.sun.com/bugreport/"/>
    <property name="sun.cpu.endian" value="little"/>
    <property name="sun.io.unicode.encoding" value="UnicodeLittle"/>
    <property name="sun.cpu.isalist" value=""/>
  </properties>
  <testcase time="0.286" classname="com.mypurecloud.sdk.api.TelephonyProvidersEdgeApiTest" name="postProvidersEdgesEdgeIdSoftwareupdateTest"/>
  <testcase time="0.006" classname="com.mypurecloud.sdk.api.TelephonyProvidersEdgeApiTest" name="postProvidersEdgesSitesTest"/>
  <testcase time="0.007" classname="com.mypurecloud.sdk.api.TelephonyProvidersEdgeApiTest" name="postProvidersEdgesCertificateauthoritiesTest"/>
  <testcase time="0.006" classname="com.mypurecloud.sdk.api.TelephonyProvidersEdgeApiTest" name="getSchemasEdgesVnextSchemacategorySchematypeSchemaIdTest"/>
  <testcase time="0.007" classname="com.mypurecloud.sdk.api.TelephonyProvidersEdgeApiTest" name="putProvidersEdgesEndpointsEndpointIdTest"/>
  <testcase time="0.006" classname="com.mypurecloud.sdk.api.TelephonyProvidersEdgeApiTest" name="getProvidersEdgesEdgeIdLogicalinterfacesInterfaceIdTest"/>
  <testcase time="0.005" classname="com.mypurecloud.sdk.api.TelephonyProvidersEdgeApiTest" name="postProvidersEdgesTest"/>
  <testcase time="0.004" classname="com.mypurecloud.sdk.api.TelephonyProvidersEdgeApiTest" name="getProvidersEdgesTrunkswithrecordingTest"/>
  <testcase time="0.004" classname="com.mypurecloud.sdk.api.TelephonyProvidersEdgeApiTest" name="postProvidersEdgesEdgeIdRebootTest"/>
  <testcase time="0.005" classname="com.mypurecloud.sdk.api.TelephonyProvidersEdgeApiTest" name="deleteProvidersEdgesOutboundroutesOutboundrouteIdTest"/>
  <testcase time="0.004" classname="com.mypurecloud.sdk.api.TelephonyProvidersEdgeApiTest" name="putProvidersEdgesOutboundroutesOutboundrouteIdTest"/>
  <testcase time="0.005" classname="com.mypurecloud.sdk.api.TelephonyProvidersEdgeApiTest" name="getProvidersEdgesLinesTemplateTest"/>
  <testcase time="0.004" classname="com.mypurecloud.sdk.api.TelephonyProvidersEdgeApiTest" name="getProvidersEdgesEndpointsTest"/>
  <testcase time="0.004" classname="com.mypurecloud.sdk.api.TelephonyProvidersEdgeApiTest" name="putProvidersEdgesEdgeIdLogicalinterfacesInterfaceIdTest"/>
  <testcase time="0.004" classname="com.mypurecloud.sdk.api.TelephonyProvidersEdgeApiTest" name="getProvidersEdgesTest"/>
  <testcase time="0.006" classname="com.mypurecloud.sdk.api.TelephonyProvidersEdgeApiTest" name="getProvidersEdgesLinebasesettingsLinebaseIdTest"/>
  <testcase time="0.004" classname="com.mypurecloud.sdk.api.TelephonyProvidersEdgeApiTest" name="putProvidersEdgesSitesSiteIdNumberplansTest"/>
  <testcase time="0.004" classname="com.mypurecloud.sdk.api.TelephonyProvidersEdgeApiTest" name="getProvidersEdgesAvailablelanguagesTest"/>
  <testcase time="0.005" classname="com.mypurecloud.sdk.api.TelephonyProvidersEdgeApiTest" name="postProvidersEdgesPhonesRebootTest"/>
  <testcase time="0.004" classname="com.mypurecloud.sdk.api.TelephonyProvidersEdgeApiTest" name="putProvidersEdgesEdgeIdLinesLineIdTest"/>
  <testcase time="0.004" classname="com.mypurecloud.sdk.api.TelephonyProvidersEdgeApiTest" name="getProvidersEdgesExtensionpoolsExtensionpoolIdTest"/>
  <testcase time="0.004" classname="com.mypurecloud.sdk.api.TelephonyProvidersEdgeApiTest" name="getSchemasEdgesVnextSchemacategoryTest"/>
  <testcase time="0.003" classname="com.mypurecloud.sdk.api.TelephonyProvidersEdgeApiTest" name="getProvidersEdgesCertificateauthoritiesTest"/>
  <testcase time="0.004" classname="com.mypurecloud.sdk.api.TelephonyProvidersEdgeApiTest" name="postProvidersEdgesAddressvalidationTest"/>
  <testcase time="0.004" classname="com.mypurecloud.sdk.api.TelephonyProvidersEdgeApiTest" name="putProvidersEdgesDidsDidIdTest"/>
  <testcase time="0.003" classname="com.mypurecloud.sdk.api.TelephonyProvidersEdgeApiTest" name="getProvidersEdgesEdgeIdLogicalinterfacesTest"/>
  <testcase time="0.003" classname="com.mypurecloud.sdk.api.TelephonyProvidersEdgeApiTest" name="getProvidersEdgesPhonesTemplateTest"/>
  <testcase time="0.004" classname="com.mypurecloud.sdk.api.TelephonyProvidersEdgeApiTest" name="getProvidersEdgesLinesLineIdTest"/>
  <testcase time="0.004" classname="com.mypurecloud.sdk.api.TelephonyProvidersEdgeApiTest" name="deleteProvidersEdgesPhonesPhoneIdTest"/>
  <testcase time="0.003" classname="com.mypurecloud.sdk.api.TelephonyProvidersEdgeApiTest" name="getProvidersEdgesExtensionsTest"/>
  <testcase time="0.003" classname="com.mypurecloud.sdk.api.TelephonyProvidersEdgeApiTest" name="deleteProvidersEdgesTrunkbasesettingsTrunkbasesettingsIdTest"/>
  <testcase time="0.004" classname="com.mypurecloud.sdk.api.TelephonyProvidersEdgeApiTest" name="putProvidersEdgesDidpoolsDidpoolIdTest"/>
  <testcase time="0.003" classname="com.mypurecloud.sdk.api.TelephonyProvidersEdgeApiTest" name="getProvidersEdgesOutboundroutesTest"/>
  <testcase time="0.003" classname="com.mypurecloud.sdk.api.TelephonyProvidersEdgeApiTest" name="deleteProvidersEdgesEdgeIdLogicalinterfacesInterfaceIdTest"/>
  <testcase time="0.003" classname="com.mypurecloud.sdk.api.TelephonyProvidersEdgeApiTest" name="getProvidersEdgesLinesTest"/>
  <testcase time="0.003" classname="com.mypurecloud.sdk.api.TelephonyProvidersEdgeApiTest" name="deleteProvidersEdgesDidpoolsDidpoolIdTest"/>
  <testcase time="0.003" classname="com.mypurecloud.sdk.api.TelephonyProvidersEdgeApiTest" name="getProvidersEdgesTimezonesTest"/>
  <testcase time="0.003" classname="com.mypurecloud.sdk.api.TelephonyProvidersEdgeApiTest" name="putProvidersEdgesCertificateauthoritiesCertificateIdTest"/>
  <testcase time="0.003" classname="com.mypurecloud.sdk.api.TelephonyProvidersEdgeApiTest" name="getProvidersEdgesDidsTest"/>
  <testcase time="0.004" classname="com.mypurecloud.sdk.api.TelephonyProvidersEdgeApiTest" name="getProvidersEdgesEndpointsEndpointIdTest"/>
  <testcase time="0.002" classname="com.mypurecloud.sdk.api.TelephonyProvidersEdgeApiTest" name="getProvidersEdgesEdgeIdLogsJobsJobIdTest"/>
  <testcase time="0.003" classname="com.mypurecloud.sdk.api.TelephonyProvidersEdgeApiTest" name="getProvidersEdgesPhonesPhoneIdTest"/>
  <testcase time="0.003" classname="com.mypurecloud.sdk.api.TelephonyProvidersEdgeApiTest" name="getProvidersEdgesSitesSiteIdTest"/>
  <testcase time="0.003" classname="com.mypurecloud.sdk.api.TelephonyProvidersEdgeApiTest" name="putProvidersEdgesPhonesPhoneIdTest"/>
  <testcase time="0.003" classname="com.mypurecloud.sdk.api.TelephonyProvidersEdgeApiTest" name="getProvidersEdgesTrunkbasesettingsTemplateTest"/>
  <testcase time="0.003" classname="com.mypurecloud.sdk.api.TelephonyProvidersEdgeApiTest" name="getSchemasEdgesVnextSchemacategorySchematypeTest"/>
  <testcase time="0.003" classname="com.mypurecloud.sdk.api.TelephonyProvidersEdgeApiTest" name="getProvidersEdgesEdgegroupsEdgegroupIdTest"/>
  <testcase time="0.003" classname="com.mypurecloud.sdk.api.TelephonyProvidersEdgeApiTest" name="getProvidersEdgesExtensionpoolsTest"/>
  <testcase time="0.003" classname="com.mypurecloud.sdk.api.TelephonyProvidersEdgeApiTest" name="getProvidersEdgesEdgeIdLinesLineIdTest"/>
  <testcase time="0.003" classname="com.mypurecloud.sdk.api.TelephonyProvidersEdgeApiTest" name="postProvidersEdgesEdgeIdLogicalinterfacesTest"/>
  <testcase time="0.003" classname="com.mypurecloud.sdk.api.TelephonyProvidersEdgeApiTest" name="putProvidersEdgesPhonebasesettingsPhonebaseIdTest"/>
  <testcase time="0.003" classname="com.mypurecloud.sdk.api.TelephonyProvidersEdgeApiTest" name="getProvidersEdgesEdgeIdTest"/>
  <testcase time="0.003" classname="com.mypurecloud.sdk.api.TelephonyProvidersEdgeApiTest" name="postProvidersEdgesEndpointsTest"/>
  <testcase time="0.003" classname="com.mypurecloud.sdk.api.TelephonyProvidersEdgeApiTest" name="postProvidersEdgesDidpoolsTest"/>
  <testcase time="0.003" classname="com.mypurecloud.sdk.api.TelephonyProvidersEdgeApiTest" name="putProvidersEdgesSitesSiteIdTest"/>
  <testcase time="0.003" classname="com.mypurecloud.sdk.api.TelephonyProvidersEdgeApiTest" name="putProvidersEdgesEdgegroupsEdgegroupIdTest"/>
  <testcase time="0.003" classname="com.mypurecloud.sdk.api.TelephonyProvidersEdgeApiTest" name="deleteProvidersEdgesEdgeIdSoftwareupdateTest"/>
  <testcase time="0.003" classname="com.mypurecloud.sdk.api.TelephonyProvidersEdgeApiTest" name="getProvidersEdgesEdgeversionreportTest"/>
  <testcase time="0.003" classname="com.mypurecloud.sdk.api.TelephonyProvidersEdgeApiTest" name="getProvidersEdgesTrunkbasesettingsTrunkbasesettingsIdTest"/>
  <testcase time="0.003" classname="com.mypurecloud.sdk.api.TelephonyProvidersEdgeApiTest" name="deleteProvidersEdgesEdgegroupsEdgegroupIdTest"/>
  <testcase time="0.003" classname="com.mypurecloud.sdk.api.TelephonyProvidersEdgeApiTest" name="getProvidersEdgesEdgeIdLinesTest"/>
  <testcase time="0.003" classname="com.mypurecloud.sdk.api.TelephonyProvidersEdgeApiTest" name="deleteProvidersEdgesEndpointsEndpointIdTest"/>
  <testcase time="0.003" classname="com.mypurecloud.sdk.api.TelephonyProvidersEdgeApiTest" name="getProvidersEdgesExtensionsExtensionIdTest"/>
  <testcase time="0.003" classname="com.mypurecloud.sdk.api.TelephonyProvidersEdgeApiTest" name="deleteProvidersEdgesEdgeIdTest"/>
  <testcase time="0.003" classname="com.mypurecloud.sdk.api.TelephonyProvidersEdgeApiTest" name="deleteProvidersEdgesExtensionpoolsExtensionpoolIdTest"/>
  <testcase time="0.003" classname="com.mypurecloud.sdk.api.TelephonyProvidersEdgeApiTest" name="getProvidersEdgesEdgeIdSoftwareupdateTest"/>
  <testcase time="0.003" classname="com.mypurecloud.sdk.api.TelephonyProvidersEdgeApiTest" name="deleteProvidersEdgesCertificateauthoritiesCertificateIdTest"/>
  <testcase time="0.002" classname="com.mypurecloud.sdk.api.TelephonyProvidersEdgeApiTest" name="getProvidersEdgesOutboundroutesOutboundrouteIdTest"/>
  <testcase time="0.003" classname="com.mypurecloud.sdk.api.TelephonyProvidersEdgeApiTest" name="getProvidersEdgesSitesSiteIdNumberplansTest"/>
  <testcase time="0.002" classname="com.mypurecloud.sdk.api.TelephonyProvidersEdgeApiTest" name="getProvidersEdgesDidsDidIdTest"/>
  <testcase time="0.002" classname="com.mypurecloud.sdk.api.TelephonyProvidersEdgeApiTest" name="putProvidersEdgesExtensionpoolsExtensionpoolIdTest"/>
  <testcase time="0.003" classname="com.mypurecloud.sdk.api.TelephonyProvidersEdgeApiTest" name="getProvidersEdgesEdgeIdSoftwareversionsTest"/>
  <testcase time="0.002" classname="com.mypurecloud.sdk.api.TelephonyProvidersEdgeApiTest" name="getProvidersEdgesLinebasesettingsTest"/>
  <testcase time="0.003" classname="com.mypurecloud.sdk.api.TelephonyProvidersEdgeApiTest" name="getProvidersEdgesPhonesTest"/>
  <testcase time="0.002" classname="com.mypurecloud.sdk.api.TelephonyProvidersEdgeApiTest" name="postProvidersEdgesEdgeIdLogsJobsTest"/>
  <testcase time="0.003" classname="com.mypurecloud.sdk.api.TelephonyProvidersEdgeApiTest" name="putProvidersEdgesExtensionsExtensionIdTest"/>
  <testcase time="0.002" classname="com.mypurecloud.sdk.api.TelephonyProvidersEdgeApiTest" name="getProvidersEdgesSitesTest"/>
  <testcase time="0.003" classname="com.mypurecloud.sdk.api.TelephonyProvidersEdgeApiTest" name="putProvidersEdgesEdgeIdTest"/>
  <testcase time="0.007" classname="com.mypurecloud.sdk.api.TelephonyProvidersEdgeApiTest" name="getProvidersEdgesTrunkbasesettingsAvailablemetabasesTest"/>
  <testcase time="0.003" classname="com.mypurecloud.sdk.api.TelephonyProvidersEdgeApiTest" name="getProvidersEdgesTrunkbasesettingsTest"/>
  <testcase time="0.002" classname="com.mypurecloud.sdk.api.TelephonyProvidersEdgeApiTest" name="getProvidersEdgesDidpoolsDidpoolIdTest"/>
  <testcase time="0.002" classname="com.mypurecloud.sdk.api.TelephonyProvidersEdgeApiTest" name="getSchemasEdgesVnextSchemacategorySchematypeSchemaIdExtensiontypeMetadataIdTest"/>
  <testcase time="0.002" classname="com.mypurecloud.sdk.api.TelephonyProvidersEdgeApiTest" name="getProvidersEdgesEdgegroupsTest"/>
  <testcase time="0.002" classname="com.mypurecloud.sdk.api.TelephonyProvidersEdgeApiTest" name="getProvidersEdgesTrunksTest"/>
  <testcase time="0.002" classname="com.mypurecloud.sdk.api.TelephonyProvidersEdgeApiTest" name="getProvidersEdgesPhonebasesettingsTest"/>
  <testcase time="0.002" classname="com.mypurecloud.sdk.api.TelephonyProvidersEdgeApiTest" name="postProvidersEdgesTrunkbasesettingsTest"/>
  <testcase time="0.002" classname="com.mypurecloud.sdk.api.TelephonyProvidersEdgeApiTest" name="getProvidersEdgesEdgeIdPhysicalinterfacesInterfaceIdTest"/>
  <testcase time="0.002" classname="com.mypurecloud.sdk.api.TelephonyProvidersEdgeApiTest" name="getProvidersEdgesCertificateauthoritiesCertificateIdTest"/>
  <testcase time="0.002" classname="com.mypurecloud.sdk.api.TelephonyProvidersEdgeApiTest" name="postProvidersEdgesOutboundroutesTest"/>
  <testcase time="0.002" classname="com.mypurecloud.sdk.api.TelephonyProvidersEdgeApiTest" name="getProvidersEdgesDidpoolsTest"/>
  <testcase time="0.003" classname="com.mypurecloud.sdk.api.TelephonyProvidersEdgeApiTest" name="postProvidersEdgesPhonebasesettingsTest"/>
  <testcase time="0.002" classname="com.mypurecloud.sdk.api.TelephonyProvidersEdgeApiTest" name="getProvidersEdgesTrunksTrunkIdTest"/>
  <testcase time="0.002" classname="com.mypurecloud.sdk.api.TelephonyProvidersEdgeApiTest" name="postProvidersEdgesEdgeIdLogsJobsJobIdUploadTest"/>
  <testcase time="0.002" classname="com.mypurecloud.sdk.api.TelephonyProvidersEdgeApiTest" name="getProvidersEdgesSitesSiteIdNumberplansNumberplanIdTest"/>
  <testcase time="0.002" classname="com.mypurecloud.sdk.api.TelephonyProvidersEdgeApiTest" name="getSchemasEdgesVnextTest"/>
  <testcase time="0.002" classname="com.mypurecloud.sdk.api.TelephonyProvidersEdgeApiTest" name="getProvidersEdgesPhonebasesettingsAvailablemetabasesTest"/>
  <testcase time="0.002" classname="com.mypurecloud.sdk.api.TelephonyProvidersEdgeApiTest" name="postProvidersEdgesEdgeIdUnpairTest"/>
  <testcase time="0.002" classname="com.mypurecloud.sdk.api.TelephonyProvidersEdgeApiTest" name="postProvidersEdgesPhonesTest"/>
  <testcase time="0.002" classname="com.mypurecloud.sdk.api.TelephonyProvidersEdgeApiTest" name="postProvidersEdgesExtensionpoolsTest"/>
  <testcase time="0.002" classname="com.mypurecloud.sdk.api.TelephonyProvidersEdgeApiTest" name="getProvidersEdgesEdgeIdPhysicalinterfacesTest"/>
  <testcase time="0.002" classname="com.mypurecloud.sdk.api.TelephonyProvidersEdgeApiTest" name="getProvidersEdgesPhonebasesettingsPhonebaseIdTest"/>
  <testcase time="0.002" classname="com.mypurecloud.sdk.api.TelephonyProvidersEdgeApiTest" name="deleteProvidersEdgesPhonebasesettingsPhonebaseIdTest"/>
  <testcase time="0.002" classname="com.mypurecloud.sdk.api.TelephonyProvidersEdgeApiTest" name="deleteProvidersEdgesSitesSiteIdTest"/>
  <testcase time="0.002" classname="com.mypurecloud.sdk.api.TelephonyProvidersEdgeApiTest" name="getProvidersEdgesSitesSiteIdNumberplansClassificationsTest"/>
  <testcase time="0.002" classname="com.mypurecloud.sdk.api.TelephonyProvidersEdgeApiTest" name="putProvidersEdgesTrunkbasesettingsTrunkbasesettingsIdTest"/>
  <testcase time="0.002" classname="com.mypurecloud.sdk.api.TelephonyProvidersEdgeApiTest" name="getProvidersEdgesPhonebasesettingsTemplateTest"/>
  <testcase time="0.002" classname="com.mypurecloud.sdk.api.TelephonyProvidersEdgeApiTest" name="postProvidersEdgesSitesSiteIdRebalanceTest"/>
  <testcase time="0.002" classname="com.mypurecloud.sdk.api.TelephonyProvidersEdgeApiTest" name="postProvidersEdgesEdgegroupsTest"/>
  <testcase time="0.002" classname="com.mypurecloud.sdk.api.TelephonyProvidersEdgeApiTest" name="postProvidersEdgesPhonesPhoneIdRebootTest"/>
</testsuite>