<?xml version="1.0" encoding="UTF-8" ?>
<testsuite failures="0" time="0.43" errors="0" skipped="0" tests="37" name="com.mypurecloud.sdk.api.ContentManagementApiTest">
  <properties>
    <property name="java.runtime.name" value="OpenJDK Runtime Environment"/>
    <property name="sun.boot.library.path" value="/usr/lib/jvm/java-7-openjdk-amd64/jre/lib/amd64"/>
    <property name="java.vm.version" value="24.91-b01"/>
    <property name="java.vm.vendor" value="Oracle Corporation"/>
    <property name="maven.multiModuleProjectDirectory" value="/root/.jenkins/jobs/purecloud-android-sdk/workspace/repo/build"/>
    <property name="java.vendor.url" value="http://java.oracle.com/"/>
    <property name="path.separator" value=":"/>
    <property name="guice.disable.misplaced.annotation.check" value="true"/>
    <property name="java.vm.name" value="OpenJDK 64-Bit Server VM"/>
    <property name="file.encoding.pkg" value="sun.io"/>
    <property name="user.country" value="IN"/>
    <property name="sun.java.launcher" value="SUN_STANDARD"/>
    <property name="sun.os.patch.level" value="unknown"/>
    <property name="java.vm.specification.name" value="Java Virtual Machine Specification"/>
    <property name="user.dir" value="/root/.jenkins/jobs/purecloud-android-sdk/workspace/repo/build"/>
    <property name="java.runtime.version" value="1.7.0_91-b02"/>
    <property name="java.awt.graphicsenv" value="sun.awt.X11GraphicsEnvironment"/>
    <property name="java.endorsed.dirs" value="/usr/lib/jvm/java-7-openjdk-amd64/jre/lib/endorsed"/>
    <property name="os.arch" value="amd64"/>
    <property name="java.io.tmpdir" value="/tmp"/>
    <property name="line.separator" value="
"/>
    <property name="java.vm.specification.vendor" value="Oracle Corporation"/>
    <property name="os.name" value="Linux"/>
    <property name="classworlds.conf" value="/usr/local/apache-maven-3.3.9/bin/m2.conf"/>
    <property name="sun.jnu.encoding" value="UTF-8"/>
    <property name="java.library.path" value="/usr/java/packages/lib/amd64:/usr/lib/x86_64-linux-gnu/jni:/lib/x86_64-linux-gnu:/usr/lib/x86_64-linux-gnu:/usr/lib/jni:/lib:/usr/lib"/>
    <property name="java.specification.name" value="Java Platform API Specification"/>
    <property name="java.class.version" value="51.0"/>
    <property name="sun.management.compiler" value="HotSpot 64-Bit Tiered Compilers"/>
    <property name="os.version" value="3.19.0-25-generic"/>
    <property name="user.home" value="/root"/>
    <property name="user.timezone" value="Asia/Kolkata"/>
    <property name="java.awt.printerjob" value="sun.print.PSPrinterJob"/>
    <property name="file.encoding" value="UTF-8"/>
    <property name="java.specification.version" value="1.7"/>
    <property name="user.name" value="root"/>
    <property name="java.class.path" value="/usr/local/apache-maven-3.3.9/boot/plexus-classworlds-2.5.2.jar"/>
    <property name="java.vm.specification.version" value="1.7"/>
    <property name="sun.arch.data.model" value="64"/>
    <property name="java.home" value="/usr/lib/jvm/java-7-openjdk-amd64/jre"/>
    <property name="sun.java.command" value="org.codehaus.plexus.classworlds.launcher.Launcher clean package"/>
    <property name="java.specification.vendor" value="Oracle Corporation"/>
    <property name="user.language" value="en"/>
    <property name="awt.toolkit" value="sun.awt.X11.XToolkit"/>
    <property name="java.vm.info" value="mixed mode"/>
    <property name="java.version" value="1.7.0_91"/>
    <property name="java.ext.dirs" value="/usr/lib/jvm/java-7-openjdk-amd64/jre/lib/ext:/usr/java/packages/lib/ext"/>
    <property name="securerandom.source" value="file:/dev/./urandom"/>
    <property name="sun.boot.class.path" value="/usr/lib/jvm/java-7-openjdk-amd64/jre/lib/resources.jar:/usr/lib/jvm/java-7-openjdk-amd64/jre/lib/rt.jar:/usr/lib/jvm/java-7-openjdk-amd64/jre/lib/sunrsasign.jar:/usr/lib/jvm/java-7-openjdk-amd64/jre/lib/jsse.jar:/usr/lib/jvm/java-7-openjdk-amd64/jre/lib/jce.jar:/usr/lib/jvm/java-7-openjdk-amd64/jre/lib/charsets.jar:/usr/lib/jvm/java-7-openjdk-amd64/jre/lib/rhino.jar:/usr/lib/jvm/java-7-openjdk-amd64/jre/lib/jfr.jar:/usr/lib/jvm/java-7-openjdk-amd64/jre/classes"/>
    <property name="java.vendor" value="Oracle Corporation"/>
    <property name="maven.home" value="/usr/local/apache-maven-3.3.9"/>
    <property name="file.separator" value="/"/>
    <property name="java.vendor.url.bug" value="http://bugreport.sun.com/bugreport/"/>
    <property name="sun.cpu.endian" value="little"/>
    <property name="sun.io.unicode.encoding" value="UnicodeLittle"/>
    <property name="sun.cpu.isalist" value=""/>
  </properties>
  <testcase time="0.276" classname="com.mypurecloud.sdk.api.ContentManagementApiTest" name="getSharesTest"/>
  <testcase time="0.007" classname="com.mypurecloud.sdk.api.ContentManagementApiTest" name="deleteWorkspacesWorkspaceIdTest"/>
  <testcase time="0.006" classname="com.mypurecloud.sdk.api.ContentManagementApiTest" name="deleteDocumentsDocumentIdTest"/>
  <testcase time="0.006" classname="com.mypurecloud.sdk.api.ContentManagementApiTest" name="getQueryTest"/>
  <testcase time="0.007" classname="com.mypurecloud.sdk.api.ContentManagementApiTest" name="getSharedSharedIdTest"/>
  <testcase time="0.007" classname="com.mypurecloud.sdk.api.ContentManagementApiTest" name="postDocumentsDocumentIdTest"/>
  <testcase time="0.006" classname="com.mypurecloud.sdk.api.ContentManagementApiTest" name="postWorkspacesWorkspaceIdTagvaluesTest"/>
  <testcase time="0.005" classname="com.mypurecloud.sdk.api.ContentManagementApiTest" name="getSecurityprofilesSecurityprofileIdTest"/>
  <testcase time="0.005" classname="com.mypurecloud.sdk.api.ContentManagementApiTest" name="getSharesShareIdTest"/>
  <testcase time="0.004" classname="com.mypurecloud.sdk.api.ContentManagementApiTest" name="postAuditqueryTest"/>
  <testcase time="0.005" classname="com.mypurecloud.sdk.api.ContentManagementApiTest" name="getWorkspacesWorkspaceIdTagvaluesTagIdTest"/>
  <testcase time="0.004" classname="com.mypurecloud.sdk.api.ContentManagementApiTest" name="putWorkspacesWorkspaceIdTagvaluesTagIdTest"/>
  <testcase time="0.004" classname="com.mypurecloud.sdk.api.ContentManagementApiTest" name="deleteSharesShareIdTest"/>
  <testcase time="0.005" classname="com.mypurecloud.sdk.api.ContentManagementApiTest" name="deleteStatusStatusIdTest"/>
  <testcase time="0.004" classname="com.mypurecloud.sdk.api.ContentManagementApiTest" name="getWorkspacesWorkspaceIdMembersMemberIdTest"/>
  <testcase time="0.006" classname="com.mypurecloud.sdk.api.ContentManagementApiTest" name="deleteWorkspacesWorkspaceIdTagvaluesTagIdTest"/>
  <testcase time="0.005" classname="com.mypurecloud.sdk.api.ContentManagementApiTest" name="deleteWorkspacesWorkspaceIdMembersMemberIdTest"/>
  <testcase time="0.004" classname="com.mypurecloud.sdk.api.ContentManagementApiTest" name="getStatusStatusIdTest"/>
  <testcase time="0.004" classname="com.mypurecloud.sdk.api.ContentManagementApiTest" name="postWorkspacesTest"/>
  <testcase time="0.004" classname="com.mypurecloud.sdk.api.ContentManagementApiTest" name="getStatusTest"/>
  <testcase time="0.003" classname="com.mypurecloud.sdk.api.ContentManagementApiTest" name="getWorkspacesWorkspaceIdTagvaluesTest"/>
  <testcase time="0.004" classname="com.mypurecloud.sdk.api.ContentManagementApiTest" name="getDocumentsTest"/>
  <testcase time="0.003" classname="com.mypurecloud.sdk.api.ContentManagementApiTest" name="getWorkspacesTest"/>
  <testcase time="0.004" classname="com.mypurecloud.sdk.api.ContentManagementApiTest" name="getUsageTest"/>
  <testcase time="0.003" classname="com.mypurecloud.sdk.api.ContentManagementApiTest" name="postSharesTest"/>
  <testcase time="0.004" classname="com.mypurecloud.sdk.api.ContentManagementApiTest" name="getWorkspacesWorkspaceIdMembersTest"/>
  <testcase time="0.004" classname="com.mypurecloud.sdk.api.ContentManagementApiTest" name="postWorkspacesWorkspaceIdTagvaluesQueryTest"/>
  <testcase time="0.004" classname="com.mypurecloud.sdk.api.ContentManagementApiTest" name="getDocumentsDocumentIdTest"/>
  <testcase time="0.003" classname="com.mypurecloud.sdk.api.ContentManagementApiTest" name="getWorkspacesWorkspaceIdTest"/>
  <testcase time="0.004" classname="com.mypurecloud.sdk.api.ContentManagementApiTest" name="getDocumentsDocumentIdContentTest"/>
  <testcase time="0.003" classname="com.mypurecloud.sdk.api.ContentManagementApiTest" name="postQueryTest"/>
  <testcase time="0.003" classname="com.mypurecloud.sdk.api.ContentManagementApiTest" name="putWorkspacesWorkspaceIdTest"/>
  <testcase time="0.003" classname="com.mypurecloud.sdk.api.ContentManagementApiTest" name="postDocumentsTest"/>
  <testcase time="0.003" classname="com.mypurecloud.sdk.api.ContentManagementApiTest" name="putWorkspacesWorkspaceIdMembersMemberIdTest"/>
  <testcase time="0.003" classname="com.mypurecloud.sdk.api.ContentManagementApiTest" name="getDocumentsDocumentIdAuditsTest"/>
  <testcase time="0.003" classname="com.mypurecloud.sdk.api.ContentManagementApiTest" name="postDocumentsDocumentIdContentTest"/>
  <testcase time="0.002" classname="com.mypurecloud.sdk.api.ContentManagementApiTest" name="getSecurityprofilesTest"/>
</testsuite>