<?xml version="1.0" encoding="UTF-8" ?>
<testsuite failures="0" time="0.451" errors="0" skipped="0" tests="45" name="com.mypurecloud.sdk.api.RoutingApiTest">
  <properties>
    <property name="java.runtime.name" value="OpenJDK Runtime Environment"/>
    <property name="sun.boot.library.path" value="/usr/lib/jvm/java-7-openjdk-amd64/jre/lib/amd64"/>
    <property name="java.vm.version" value="24.91-b01"/>
    <property name="java.vm.vendor" value="Oracle Corporation"/>
    <property name="maven.multiModuleProjectDirectory" value="/root/.jenkins/jobs/purecloud-android-sdk/workspace/repo/build"/>
    <property name="java.vendor.url" value="http://java.oracle.com/"/>
    <property name="path.separator" value=":"/>
    <property name="guice.disable.misplaced.annotation.check" value="true"/>
    <property name="java.vm.name" value="OpenJDK 64-Bit Server VM"/>
    <property name="file.encoding.pkg" value="sun.io"/>
    <property name="user.country" value="IN"/>
    <property name="sun.java.launcher" value="SUN_STANDARD"/>
    <property name="sun.os.patch.level" value="unknown"/>
    <property name="java.vm.specification.name" value="Java Virtual Machine Specification"/>
    <property name="user.dir" value="/root/.jenkins/jobs/purecloud-android-sdk/workspace/repo/build"/>
    <property name="java.runtime.version" value="1.7.0_91-b02"/>
    <property name="java.awt.graphicsenv" value="sun.awt.X11GraphicsEnvironment"/>
    <property name="java.endorsed.dirs" value="/usr/lib/jvm/java-7-openjdk-amd64/jre/lib/endorsed"/>
    <property name="os.arch" value="amd64"/>
    <property name="java.io.tmpdir" value="/tmp"/>
    <property name="line.separator" value="
"/>
    <property name="java.vm.specification.vendor" value="Oracle Corporation"/>
    <property name="os.name" value="Linux"/>
    <property name="classworlds.conf" value="/usr/local/apache-maven-3.3.9/bin/m2.conf"/>
    <property name="sun.jnu.encoding" value="UTF-8"/>
    <property name="java.library.path" value="/usr/java/packages/lib/amd64:/usr/lib/x86_64-linux-gnu/jni:/lib/x86_64-linux-gnu:/usr/lib/x86_64-linux-gnu:/usr/lib/jni:/lib:/usr/lib"/>
    <property name="java.specification.name" value="Java Platform API Specification"/>
    <property name="java.class.version" value="51.0"/>
    <property name="sun.management.compiler" value="HotSpot 64-Bit Tiered Compilers"/>
    <property name="os.version" value="3.19.0-25-generic"/>
    <property name="user.home" value="/root"/>
    <property name="user.timezone" value="Asia/Kolkata"/>
    <property name="java.awt.printerjob" value="sun.print.PSPrinterJob"/>
    <property name="file.encoding" value="UTF-8"/>
    <property name="java.specification.version" value="1.7"/>
    <property name="user.name" value="root"/>
    <property name="java.class.path" value="/usr/local/apache-maven-3.3.9/boot/plexus-classworlds-2.5.2.jar"/>
    <property name="java.vm.specification.version" value="1.7"/>
    <property name="sun.arch.data.model" value="64"/>
    <property name="java.home" value="/usr/lib/jvm/java-7-openjdk-amd64/jre"/>
    <property name="sun.java.command" value="org.codehaus.plexus.classworlds.launcher.Launcher clean package"/>
    <property name="java.specification.vendor" value="Oracle Corporation"/>
    <property name="user.language" value="en"/>
    <property name="awt.toolkit" value="sun.awt.X11.XToolkit"/>
    <property name="java.vm.info" value="mixed mode"/>
    <property name="java.version" value="1.7.0_91"/>
    <property name="java.ext.dirs" value="/usr/lib/jvm/java-7-openjdk-amd64/jre/lib/ext:/usr/java/packages/lib/ext"/>
    <property name="securerandom.source" value="file:/dev/./urandom"/>
    <property name="sun.boot.class.path" value="/usr/lib/jvm/java-7-openjdk-amd64/jre/lib/resources.jar:/usr/lib/jvm/java-7-openjdk-amd64/jre/lib/rt.jar:/usr/lib/jvm/java-7-openjdk-amd64/jre/lib/sunrsasign.jar:/usr/lib/jvm/java-7-openjdk-amd64/jre/lib/jsse.jar:/usr/lib/jvm/java-7-openjdk-amd64/jre/lib/jce.jar:/usr/lib/jvm/java-7-openjdk-amd64/jre/lib/charsets.jar:/usr/lib/jvm/java-7-openjdk-amd64/jre/lib/rhino.jar:/usr/lib/jvm/java-7-openjdk-amd64/jre/lib/jfr.jar:/usr/lib/jvm/java-7-openjdk-amd64/jre/classes"/>
    <property name="java.vendor" value="Oracle Corporation"/>
    <property name="maven.home" value="/usr/local/apache-maven-3.3.9"/>
    <property name="file.separator" value="/"/>
    <property name="java.vendor.url.bug" value="http://bugreport.sun.com/bugreport/"/>
    <property name="sun.cpu.endian" value="little"/>
    <property name="sun.io.unicode.encoding" value="UnicodeLittle"/>
    <property name="sun.cpu.isalist" value=""/>
  </properties>
  <testcase time="0.27" classname="com.mypurecloud.sdk.api.RoutingApiTest" name="deleteEmailDomainsDomainIdTest"/>
  <testcase time="0.006" classname="com.mypurecloud.sdk.api.RoutingApiTest" name="putUtilizationTest"/>
  <testcase time="0.008" classname="com.mypurecloud.sdk.api.RoutingApiTest" name="postUserIdRoutingskillsTest"/>
  <testcase time="0.007" classname="com.mypurecloud.sdk.api.RoutingApiTest" name="getUtilizationTest"/>
  <testcase time="0.007" classname="com.mypurecloud.sdk.api.RoutingApiTest" name="getQueuesQueueIdWrapupcodesTest"/>
  <testcase time="0.007" classname="com.mypurecloud.sdk.api.RoutingApiTest" name="deleteUtilizationTest"/>
  <testcase time="0.006" classname="com.mypurecloud.sdk.api.RoutingApiTest" name="getQueuesQueueIdConversationsTest"/>
  <testcase time="0.006" classname="com.mypurecloud.sdk.api.RoutingApiTest" name="getWrapupcodesTest"/>
  <testcase time="0.004" classname="com.mypurecloud.sdk.api.RoutingApiTest" name="getQueuesQueueIdUsersTest"/>
  <testcase time="0.005" classname="com.mypurecloud.sdk.api.RoutingApiTest" name="getEmailDomainsDomainnameRoutesRouteIdTest"/>
  <testcase time="0.005" classname="com.mypurecloud.sdk.api.RoutingApiTest" name="patchQueuesQueueIdUsersTest"/>
  <testcase time="0.004" classname="com.mypurecloud.sdk.api.RoutingApiTest" name="putEmailDomainsDomainnameRoutesRouteIdTest"/>
  <testcase time="0.004" classname="com.mypurecloud.sdk.api.RoutingApiTest" name="getEmailDomainsDomainnameRoutesTest"/>
  <testcase time="0.004" classname="com.mypurecloud.sdk.api.RoutingApiTest" name="postQueuesObservationsQueryTest"/>
  <testcase time="0.004" classname="com.mypurecloud.sdk.api.RoutingApiTest" name="deleteEmailDomainsDomainnameRoutesRouteIdTest"/>
  <testcase time="0.005" classname="com.mypurecloud.sdk.api.RoutingApiTest" name="postQueuesQueueIdWrapupcodesTest"/>
  <testcase time="0.005" classname="com.mypurecloud.sdk.api.RoutingApiTest" name="deleteWrapupcodesCodeIdTest"/>
  <testcase time="0.004" classname="com.mypurecloud.sdk.api.RoutingApiTest" name="deleteQueuesQueueIdWrapupcodesCodeIdTest"/>
  <testcase time="0.004" classname="com.mypurecloud.sdk.api.RoutingApiTest" name="getSkillsSkillIdTest"/>
  <testcase time="0.004" classname="com.mypurecloud.sdk.api.RoutingApiTest" name="getQueuesQueueIdConversationsEmailsTest"/>
  <testcase time="0.003" classname="com.mypurecloud.sdk.api.RoutingApiTest" name="getQueuesQueueIdEstimatedwaittimeTest"/>
  <testcase time="0.004" classname="com.mypurecloud.sdk.api.RoutingApiTest" name="putWrapupcodesCodeIdTest"/>
  <testcase time="0.004" classname="com.mypurecloud.sdk.api.RoutingApiTest" name="getEmailDomainsTest"/>
  <testcase time="0.003" classname="com.mypurecloud.sdk.api.RoutingApiTest" name="deleteUserIdRoutingskillsSkillIdTest"/>
  <testcase time="0.004" classname="com.mypurecloud.sdk.api.RoutingApiTest" name="deleteSkillsSkillIdTest"/>
  <testcase time="0.003" classname="com.mypurecloud.sdk.api.RoutingApiTest" name="postSkillsTest"/>
  <testcase time="0.004" classname="com.mypurecloud.sdk.api.RoutingApiTest" name="getQueuesQueueIdConversationsChatsTest"/>
  <testcase time="0.003" classname="com.mypurecloud.sdk.api.RoutingApiTest" name="postQueuesTest"/>
  <testcase time="0.004" classname="com.mypurecloud.sdk.api.RoutingApiTest" name="getUserIdRoutingskillsTest"/>
  <testcase time="0.003" classname="com.mypurecloud.sdk.api.RoutingApiTest" name="postWrapupcodesTest"/>
  <testcase time="0.004" classname="com.mypurecloud.sdk.api.RoutingApiTest" name="patchQueuesQueueIdUsersMemberIdTest"/>
  <testcase time="0.003" classname="com.mypurecloud.sdk.api.RoutingApiTest" name="postEmailDomainsDomainnameRoutesTest"/>
  <testcase time="0.003" classname="com.mypurecloud.sdk.api.RoutingApiTest" name="deleteQueuesQueueIdUsersMemberIdTest"/>
  <testcase time="0.003" classname="com.mypurecloud.sdk.api.RoutingApiTest" name="getSkillsTest"/>
  <testcase time="0.003" classname="com.mypurecloud.sdk.api.RoutingApiTest" name="putQueuesQueueIdTest"/>
  <testcase time="0.003" classname="com.mypurecloud.sdk.api.RoutingApiTest" name="getQueuesQueueIdTest"/>
  <testcase time="0.004" classname="com.mypurecloud.sdk.api.RoutingApiTest" name="putUserIdRoutingskillsSkillIdTest"/>
  <testcase time="0.003" classname="com.mypurecloud.sdk.api.RoutingApiTest" name="getQueuesTest"/>
  <testcase time="0.003" classname="com.mypurecloud.sdk.api.RoutingApiTest" name="getQueuesQueueIdConversationsCallsTest"/>
  <testcase time="0.003" classname="com.mypurecloud.sdk.api.RoutingApiTest" name="getQueuesQueueIdConversationsCallbacksTest"/>
  <testcase time="0.003" classname="com.mypurecloud.sdk.api.RoutingApiTest" name="deleteQueuesQueueIdTest"/>
  <testcase time="0.003" classname="com.mypurecloud.sdk.api.RoutingApiTest" name="postQueuesQueueIdUsersTest"/>
  <testcase time="0.003" classname="com.mypurecloud.sdk.api.RoutingApiTest" name="getEmailSetupTest"/>
  <testcase time="0.003" classname="com.mypurecloud.sdk.api.RoutingApiTest" name="getWrapupcodesCodeIdTest"/>
  <testcase time="0.003" classname="com.mypurecloud.sdk.api.RoutingApiTest" name="postEmailDomainsTest"/>
</testsuite>