<?xml version="1.0" encoding="UTF-8" ?>
<testsuite failures="0" time="0.511" errors="0" skipped="0" tests="65" name="com.mypurecloud.sdk.api.OutboundApiTest">
  <properties>
    <property name="java.runtime.name" value="OpenJDK Runtime Environment"/>
    <property name="sun.boot.library.path" value="/usr/lib/jvm/java-7-openjdk-amd64/jre/lib/amd64"/>
    <property name="java.vm.version" value="24.91-b01"/>
    <property name="java.vm.vendor" value="Oracle Corporation"/>
    <property name="maven.multiModuleProjectDirectory" value="/root/.jenkins/jobs/purecloud-android-sdk/workspace/repo/build"/>
    <property name="java.vendor.url" value="http://java.oracle.com/"/>
    <property name="path.separator" value=":"/>
    <property name="guice.disable.misplaced.annotation.check" value="true"/>
    <property name="java.vm.name" value="OpenJDK 64-Bit Server VM"/>
    <property name="file.encoding.pkg" value="sun.io"/>
    <property name="user.country" value="IN"/>
    <property name="sun.java.launcher" value="SUN_STANDARD"/>
    <property name="sun.os.patch.level" value="unknown"/>
    <property name="java.vm.specification.name" value="Java Virtual Machine Specification"/>
    <property name="user.dir" value="/root/.jenkins/jobs/purecloud-android-sdk/workspace/repo/build"/>
    <property name="java.runtime.version" value="1.7.0_91-b02"/>
    <property name="java.awt.graphicsenv" value="sun.awt.X11GraphicsEnvironment"/>
    <property name="java.endorsed.dirs" value="/usr/lib/jvm/java-7-openjdk-amd64/jre/lib/endorsed"/>
    <property name="os.arch" value="amd64"/>
    <property name="java.io.tmpdir" value="/tmp"/>
    <property name="line.separator" value="
"/>
    <property name="java.vm.specification.vendor" value="Oracle Corporation"/>
    <property name="os.name" value="Linux"/>
    <property name="classworlds.conf" value="/usr/local/apache-maven-3.3.9/bin/m2.conf"/>
    <property name="sun.jnu.encoding" value="UTF-8"/>
    <property name="java.library.path" value="/usr/java/packages/lib/amd64:/usr/lib/x86_64-linux-gnu/jni:/lib/x86_64-linux-gnu:/usr/lib/x86_64-linux-gnu:/usr/lib/jni:/lib:/usr/lib"/>
    <property name="java.specification.name" value="Java Platform API Specification"/>
    <property name="java.class.version" value="51.0"/>
    <property name="sun.management.compiler" value="HotSpot 64-Bit Tiered Compilers"/>
    <property name="os.version" value="3.19.0-25-generic"/>
    <property name="user.home" value="/root"/>
    <property name="user.timezone" value="Asia/Kolkata"/>
    <property name="java.awt.printerjob" value="sun.print.PSPrinterJob"/>
    <property name="file.encoding" value="UTF-8"/>
    <property name="java.specification.version" value="1.7"/>
    <property name="user.name" value="root"/>
    <property name="java.class.path" value="/usr/local/apache-maven-3.3.9/boot/plexus-classworlds-2.5.2.jar"/>
    <property name="java.vm.specification.version" value="1.7"/>
    <property name="sun.arch.data.model" value="64"/>
    <property name="java.home" value="/usr/lib/jvm/java-7-openjdk-amd64/jre"/>
    <property name="sun.java.command" value="org.codehaus.plexus.classworlds.launcher.Launcher clean package"/>
    <property name="java.specification.vendor" value="Oracle Corporation"/>
    <property name="user.language" value="en"/>
    <property name="awt.toolkit" value="sun.awt.X11.XToolkit"/>
    <property name="java.vm.info" value="mixed mode"/>
    <property name="java.version" value="1.7.0_91"/>
    <property name="java.ext.dirs" value="/usr/lib/jvm/java-7-openjdk-amd64/jre/lib/ext:/usr/java/packages/lib/ext"/>
    <property name="securerandom.source" value="file:/dev/./urandom"/>
    <property name="sun.boot.class.path" value="/usr/lib/jvm/java-7-openjdk-amd64/jre/lib/resources.jar:/usr/lib/jvm/java-7-openjdk-amd64/jre/lib/rt.jar:/usr/lib/jvm/java-7-openjdk-amd64/jre/lib/sunrsasign.jar:/usr/lib/jvm/java-7-openjdk-amd64/jre/lib/jsse.jar:/usr/lib/jvm/java-7-openjdk-amd64/jre/lib/jce.jar:/usr/lib/jvm/java-7-openjdk-amd64/jre/lib/charsets.jar:/usr/lib/jvm/java-7-openjdk-amd64/jre/lib/rhino.jar:/usr/lib/jvm/java-7-openjdk-amd64/jre/lib/jfr.jar:/usr/lib/jvm/java-7-openjdk-amd64/jre/classes"/>
    <property name="java.vendor" value="Oracle Corporation"/>
    <property name="maven.home" value="/usr/local/apache-maven-3.3.9"/>
    <property name="file.separator" value="/"/>
    <property name="java.vendor.url.bug" value="http://bugreport.sun.com/bugreport/"/>
    <property name="sun.cpu.endian" value="little"/>
    <property name="sun.io.unicode.encoding" value="UnicodeLittle"/>
    <property name="sun.cpu.isalist" value=""/>
  </properties>
  <testcase time="0.276" classname="com.mypurecloud.sdk.api.OutboundApiTest" name="deleteSequencesSequenceIdTest"/>
  <testcase time="0.007" classname="com.mypurecloud.sdk.api.OutboundApiTest" name="putSequencesSequenceIdTest"/>
  <testcase time="0.006" classname="com.mypurecloud.sdk.api.OutboundApiTest" name="getDnclistsTest"/>
  <testcase time="0.007" classname="com.mypurecloud.sdk.api.OutboundApiTest" name="getSequencesTest"/>
  <testcase time="0.007" classname="com.mypurecloud.sdk.api.OutboundApiTest" name="postDnclistsDnclistIdPhonenumbersTest"/>
  <testcase time="0.006" classname="com.mypurecloud.sdk.api.OutboundApiTest" name="postRulesetsTest"/>
  <testcase time="0.005" classname="com.mypurecloud.sdk.api.OutboundApiTest" name="putCallabletimesetsCallabletimesetIdTest"/>
  <testcase time="0.004" classname="com.mypurecloud.sdk.api.OutboundApiTest" name="postCampaignsCampaignIdCallbackScheduleTest"/>
  <testcase time="0.005" classname="com.mypurecloud.sdk.api.OutboundApiTest" name="deleteSchedulesCampaignsCampaignIdTest"/>
  <testcase time="0.004" classname="com.mypurecloud.sdk.api.OutboundApiTest" name="postCampaignsProgressTest"/>
  <testcase time="0.005" classname="com.mypurecloud.sdk.api.OutboundApiTest" name="getCallanalysisresponsesetsTest"/>
  <testcase time="0.005" classname="com.mypurecloud.sdk.api.OutboundApiTest" name="getContactlistsContactlistIdContactsContactIdTest"/>
  <testcase time="0.004" classname="com.mypurecloud.sdk.api.OutboundApiTest" name="deleteContactlistsContactlistIdContactsContactIdTest"/>
  <testcase time="0.004" classname="com.mypurecloud.sdk.api.OutboundApiTest" name="getSchedulesSequencesTest"/>
  <testcase time="0.004" classname="com.mypurecloud.sdk.api.OutboundApiTest" name="getCallanalysisresponsesetsCallanalysissetIdTest"/>
  <testcase time="0.006" classname="com.mypurecloud.sdk.api.OutboundApiTest" name="postCallabletimesetsTest"/>
  <testcase time="0.005" classname="com.mypurecloud.sdk.api.OutboundApiTest" name="getRulesetsTest"/>
  <testcase time="0.004" classname="com.mypurecloud.sdk.api.OutboundApiTest" name="getContactlistsContactlistIdExportTest"/>
  <testcase time="0.004" classname="com.mypurecloud.sdk.api.OutboundApiTest" name="getCampaignsCampaignIdTest"/>
  <testcase time="0.003" classname="com.mypurecloud.sdk.api.OutboundApiTest" name="getCallabletimesetsTest"/>
  <testcase time="0.004" classname="com.mypurecloud.sdk.api.OutboundApiTest" name="deleteRulesetsRulesetIdTest"/>
  <testcase time="0.004" classname="com.mypurecloud.sdk.api.OutboundApiTest" name="getDnclistsDnclistIdTest"/>
  <testcase time="0.003" classname="com.mypurecloud.sdk.api.OutboundApiTest" name="deleteCallanalysisresponsesetsCallanalysissetIdTest"/>
  <testcase time="0.004" classname="com.mypurecloud.sdk.api.OutboundApiTest" name="postContactlistsContactlistIdExportTest"/>
  <testcase time="0.003" classname="com.mypurecloud.sdk.api.OutboundApiTest" name="postSequencesTest"/>
  <testcase time="0.004" classname="com.mypurecloud.sdk.api.OutboundApiTest" name="putWrapupcodemappingsTest"/>
  <testcase time="0.004" classname="com.mypurecloud.sdk.api.OutboundApiTest" name="getSchedulesSequencesSequenceIdTest"/>
  <testcase time="0.003" classname="com.mypurecloud.sdk.api.OutboundApiTest" name="getDnclistsDnclistIdImportstatusTest"/>
  <testcase time="0.004" classname="com.mypurecloud.sdk.api.OutboundApiTest" name="putSchedulesCampaignsCampaignIdTest"/>
  <testcase time="0.004" classname="com.mypurecloud.sdk.api.OutboundApiTest" name="deleteContactlistsContactlistIdTest"/>
  <testcase time="0.003" classname="com.mypurecloud.sdk.api.OutboundApiTest" name="getContactlistsTest"/>
  <testcase time="0.003" classname="com.mypurecloud.sdk.api.OutboundApiTest" name="postDnclistsDnclistIdExportTest"/>
  <testcase time="0.003" classname="com.mypurecloud.sdk.api.OutboundApiTest" name="putRulesetsRulesetIdTest"/>
  <testcase time="0.003" classname="com.mypurecloud.sdk.api.OutboundApiTest" name="postCallanalysisresponsesetsTest"/>
  <testcase time="0.003" classname="com.mypurecloud.sdk.api.OutboundApiTest" name="getCallabletimesetsCallabletimesetIdTest"/>
  <testcase time="0.003" classname="com.mypurecloud.sdk.api.OutboundApiTest" name="getContactlistsContactlistIdImportstatusTest"/>
  <testcase time="0.003" classname="com.mypurecloud.sdk.api.OutboundApiTest" name="getCampaignsTest"/>
  <testcase time="0.003" classname="com.mypurecloud.sdk.api.OutboundApiTest" name="postAuditsTest"/>
  <testcase time="0.003" classname="com.mypurecloud.sdk.api.OutboundApiTest" name="deleteCampaignsCampaignIdProgressTest"/>
  <testcase time="0.003" classname="com.mypurecloud.sdk.api.OutboundApiTest" name="deleteSchedulesSequencesSequenceIdTest"/>
  <testcase time="0.003" classname="com.mypurecloud.sdk.api.OutboundApiTest" name="deleteCampaignsCampaignIdTest"/>
  <testcase time="0.003" classname="com.mypurecloud.sdk.api.OutboundApiTest" name="putCallanalysisresponsesetsCallanalysissetIdTest"/>
  <testcase time="0.003" classname="com.mypurecloud.sdk.api.OutboundApiTest" name="putCampaignsCampaignIdTest"/>
  <testcase time="0.003" classname="com.mypurecloud.sdk.api.OutboundApiTest" name="getSchedulesCampaignsTest"/>
  <testcase time="0.003" classname="com.mypurecloud.sdk.api.OutboundApiTest" name="deleteCallabletimesetsCallabletimesetIdTest"/>
  <testcase time="0.003" classname="com.mypurecloud.sdk.api.OutboundApiTest" name="postConversationsConversationIdDncTest"/>
  <testcase time="0.003" classname="com.mypurecloud.sdk.api.OutboundApiTest" name="deleteDnclistsDnclistIdTest"/>
  <testcase time="0.003" classname="com.mypurecloud.sdk.api.OutboundApiTest" name="getCampaignsCampaignIdProgressTest"/>
  <testcase time="0.003" classname="com.mypurecloud.sdk.api.OutboundApiTest" name="getSequencesSequenceIdTest"/>
  <testcase time="0.003" classname="com.mypurecloud.sdk.api.OutboundApiTest" name="postCampaignsTest"/>
  <testcase time="0.003" classname="com.mypurecloud.sdk.api.OutboundApiTest" name="putContactlistsContactlistIdContactsContactIdTest"/>
  <testcase time="0.003" classname="com.mypurecloud.sdk.api.OutboundApiTest" name="putCampaignsCampaignIdAgentsUserIdTest"/>
  <testcase time="0.003" classname="com.mypurecloud.sdk.api.OutboundApiTest" name="putSchedulesSequencesSequenceIdTest"/>
  <testcase time="0.003" classname="com.mypurecloud.sdk.api.OutboundApiTest" name="getCampaignsCampaignIdDiagnosticsTest"/>
  <testcase time="0.002" classname="com.mypurecloud.sdk.api.OutboundApiTest" name="putDnclistsDnclistIdTest"/>
  <testcase time="0.003" classname="com.mypurecloud.sdk.api.OutboundApiTest" name="getContactlistsContactlistIdTest"/>
  <testcase time="0.003" classname="com.mypurecloud.sdk.api.OutboundApiTest" name="postContactlistsContactlistIdContactsTest"/>
  <testcase time="0.003" classname="com.mypurecloud.sdk.api.OutboundApiTest" name="postDnclistsTest"/>
  <testcase time="0.003" classname="com.mypurecloud.sdk.api.OutboundApiTest" name="postContactlistsTest"/>
  <testcase time="0.003" classname="com.mypurecloud.sdk.api.OutboundApiTest" name="getRulesetsRulesetIdTest"/>
  <testcase time="0.003" classname="com.mypurecloud.sdk.api.OutboundApiTest" name="getCampaignsCampaignIdStatsTest"/>
  <testcase time="0.003" classname="com.mypurecloud.sdk.api.OutboundApiTest" name="getSchedulesCampaignsCampaignIdTest"/>
  <testcase time="0.002" classname="com.mypurecloud.sdk.api.OutboundApiTest" name="getWrapupcodemappingsTest"/>
  <testcase time="0.003" classname="com.mypurecloud.sdk.api.OutboundApiTest" name="putContactlistsContactlistIdTest"/>
  <testcase time="0.003" classname="com.mypurecloud.sdk.api.OutboundApiTest" name="getDnclistsDnclistIdExportTest"/>
</testsuite>